<?xml version="1.0" encoding="UTF-8"?>
<testsuite name="org.example.lesson_5_spring.repository.LocationRepositoryTest" tests="8" skipped="0" failures="0" errors="0" timestamp="2024-10-03T12:29:05" hostname="DESKTOP-EQUD6SE" time="0.019">
  <properties/>
  <testcase name="findById_shouldReturnLocation_whenLocationExists()" classname="org.example.lesson_5_spring.repository.LocationRepositoryTest" time="0.002"/>
  <testcase name="findAll_shouldReturnEmptyList_whenRepositoryIsEmpty()" classname="org.example.lesson_5_spring.repository.LocationRepositoryTest" time="0.002"/>
  <testcase name="existsById_shouldReturnFalse_whenLocationNotFound()" classname="org.example.lesson_5_spring.repository.LocationRepositoryTest" time="0.003"/>
  <testcase name="deleteById_shouldRemoveLocationFromRepository()" classname="org.example.lesson_5_spring.repository.LocationRepositoryTest" time="0.001"/>
  <testcase name="save_shouldAddLocationToRepository()" classname="org.example.lesson_5_spring.repository.LocationRepositoryTest" time="0.001"/>
  <testcase name="findById_shouldReturnNull_whenLocationNotFound()" classname="org.example.lesson_5_spring.repository.LocationRepositoryTest" time="0.0"/>
  <testcase name="existsById_shouldReturnTrue_whenLocationExists()" classname="org.example.lesson_5_spring.repository.LocationRepositoryTest" time="0.001"/>
  <testcase name="findAll_shouldReturnListOfLocations_whenRepositoryIsNotEmpty()" classname="org.example.lesson_5_spring.repository.LocationRepositoryTest" time="0.001"/>
  <system-out><![CDATA[]]></system-out>
  <system-err><![CDATA[]]></system-err>
</testsuite>
